1577944641357:2+2
1577944644790:add 2 2
1577944651370:add 22
1577948882686:username juergen
1577948937536:username=juergen
1577948943206:username juergen
1577948995828:username
1577949064770:username juergen
1577949083151:username Juergen
1577949088930:username "Juergen"
1577949096199:username = Juergen
1577949099555:username juergen;
1577949148355:username juergen
1577949171107:add 2 2
1577949764313:username
1577949774204:username juergen
1577949832336:@ShellOption(defaultValue="World") String who)
1577949839019:username juergen
1577950438705:username
1577950501955:username juergen
1577953805284:Thread thread = new Thread(new EchoServerWorker(accept));
1577954017164:thread.start();
1577974585731:username juergen
1577994591435:username
1577994595173:password
1578044617102:echo
1578571731268:username hello
